<?xml version="1.0" encoding="UTF-8"?>
<robot generator="Robot 7.3.2 (Python 3.13.4 on darwin)" generated="2025-11-29T18:29:23.766295" rpa="false" schemaversion="5">
<suite id="s1" name="Tests" source="/Users/nathanguilherme/Documents/NT/NT_test_web/tests">
<suite id="s1-s1" name="Blog Search" source="/Users/nathanguilherme/Documents/NT/NT_test_web/tests/blog_search.robot">
<kw name="Open Browser To Blog" type="SETUP">
<kw name="New Browser" owner="Browser">
<msg time="2025-11-29T18:29:23.894561" level="INFO">{"browser": "chromium", "headless": false, "chromiumSandbox": false, "devtools": false, "handleSIGHUP": true, "handleSIGINT": true, "handleSIGTERM": true, "slowMo": 0.0, "timeout": 30000.0, "tracesDir": "/Users/nathanguilherme/Documents/NT/NT_test_web/browser/traces/temp/6305b590-cc8b-4442-9da7-3d80426f13fa"}</msg>
<msg time="2025-11-29T18:29:23.917404" level="INFO">Starting Browser process /Users/nathanguilherme/Documents/NT/NT_test_web/venv/lib/python3.13/site-packages/Browser/wrapper/index.js using at 127.0.0.1:63446</msg>
<msg time="2025-11-29T18:29:26.069115" level="INFO">Successfully created browser with options: {"browser":"chromium","headless":false,"chromiumSandbox":false,"devtools":false,"handleSIGHUP":true,"handleSIGINT":true,"handleSIGTERM":true,"slowMo":0,"timeout":30000,"tracesDir":"/Users/nathanguilherme/Documents/NT/NT_test_web/browser/traces/temp/6305b590-cc8b-4442-9da7-3d80426f13fa"}</msg>
<arg>chromium</arg>
<arg>headless=${HEADLESS}</arg>
<tag>BrowserControl</tag>
<tag>Setter</tag>
<doc>Create a new playwright Browser with specified options.</doc>
<status status="PASS" start="2025-11-29T18:29:23.894085" elapsed="2.175306"/>
</kw>
<kw name="New Context" owner="Browser">
<msg time="2025-11-29T18:29:26.071118" level="INFO">{
  "acceptDownloads": true,
  "bypassCSP": false,
  "forcedColors": "none",
  "ignoreHTTPSErrors": false,
  "javaScriptEnabled": true,
  "offline": false,
  "reducedMotion": "no-preference",
  "serviceWorkers": "allow",
  "viewport": {
    "width": 1280,
    "height": 720
  }
}</msg>
<msg time="2025-11-29T18:29:26.092208" level="INFO">Successfully created context. </msg>
<msg time="2025-11-29T18:29:26.092283" level="INFO">{'acceptDownloads': True, 'bypassCSP': False, 'forcedColors': 'none', 'ignoreHTTPSErrors': False, 'javaScriptEnabled': True, 'offline': False, 'reducedMotion': 'no-preference', 'serviceWorkers': 'allow', 'viewport': {'width': 1280, 'height': 720}}</msg>
<tag>BrowserControl</tag>
<tag>Setter</tag>
<doc>Create a new BrowserContext with specified options.</doc>
<status status="PASS" start="2025-11-29T18:29:26.069719" elapsed="0.022635"/>
</kw>
<kw name="Open Home Page" owner="BlogHomePage">
<kw name="New Page" owner="Browser">
<msg time="2025-11-29T18:29:26.882277" level="INFO">Successfully initialized new page object and opened url: https://blog.agibank.com.br</msg>
<arg>${URL}</arg>
<tag>BrowserControl</tag>
<tag>Setter</tag>
<doc>Open a new Page.</doc>
<status status="PASS" start="2025-11-29T18:29:26.092860" elapsed="0.789866"/>
</kw>
<status status="PASS" start="2025-11-29T18:29:26.092589" elapsed="0.790365"/>
</kw>
<status status="PASS" start="2025-11-29T18:29:23.893643" elapsed="2.989405"/>
</kw>
<test id="s1-s1-t1" name="Buscar termo existente retorna resultados" line="17">
<kw name="Search For Term" owner="BlogHomePage">
<kw name="Open Search" owner="BlogHomePage">
<kw name="Click" owner="Browser">
<msg time="2025-11-29T18:29:26.897767" level="INFO">Clicks the element 'css=.ast-header-search'.</msg>
<arg>${SEARCH_ICON}</arg>
<tag>PageContent</tag>
<tag>Setter</tag>
<doc>Simulates mouse click on the element found by ``selector``.</doc>
<status status="PASS" start="2025-11-29T18:29:26.897366" elapsed="0.121341"/>
</kw>
<kw name="Wait For Elements State" owner="Browser">
<msg time="2025-11-29T18:29:37.309467" level="INFO" html="true">&lt;/td&gt;&lt;/tr&gt;&lt;tr&gt;&lt;td colspan="3"&gt;&lt;a href="browser/screenshot/fail-screenshot-1.png" target="_blank"&gt;&lt;img src="browser/screenshot/fail-screenshot-1.png" width="800px"/&gt;&lt;/a&gt;</msg>
<msg time="2025-11-29T18:29:37.309659" level="INFO">See also file:///Users/nathanguilherme/Documents/NT/NT_test_web/playwright-log.txt for additional details.</msg>
<msg time="2025-11-29T18:29:37.310107" level="FAIL">TimeoutError: locator.waitFor: Timeout 10000ms exceeded.
Call log:
  - waiting for locator('input[type="search"]') to be visible
    24 × locator resolved to hidden &lt;input value="" name="s" type="search" tabindex="-1" id="search-field" class="search-field" placeholder="Search..."/&gt;
</msg>
<arg>${SEARCH_INPUT}</arg>
<arg>visible</arg>
<tag>PageContent</tag>
<tag>Wait</tag>
<doc>Waits for the element found by ``selector`` to satisfy state option.</doc>
<status status="FAIL" start="2025-11-29T18:29:27.018908" elapsed="10.296660">TimeoutError: locator.waitFor: Timeout 10000ms exceeded.
Call log:
  - waiting for locator('input[type="search"]') to be visible
    24 × locator resolved to hidden &lt;input value="" name="s" type="search" tabindex="-1" id="search-field" class="search-field" placeholder="Search..."/&gt;
</status>
</kw>
<status status="FAIL" start="2025-11-29T18:29:26.897173" elapsed="10.418585">TimeoutError: locator.waitFor: Timeout 10000ms exceeded.
Call log:
  - waiting for locator('input[type="search"]') to be visible
    24 × locator resolved to hidden &lt;input value="" name="s" type="search" tabindex="-1" id="search-field" class="search-field" placeholder="Search..."/&gt;
</status>
</kw>
<kw name="Fill Text" owner="Browser">
<arg>${SEARCH_INPUT}</arg>
<arg>${term}</arg>
<tag>PageContent</tag>
<tag>Setter</tag>
<doc>Clears and fills the given ``txt`` into the text field found by ``selector``.</doc>
<status status="NOT RUN" start="2025-11-29T18:29:37.315894" elapsed="0.000072"/>
</kw>
<kw name="Press Keys" owner="Browser">
<arg>${SEARCH_INPUT}</arg>
<arg>Enter</arg>
<tag>PageContent</tag>
<tag>Setter</tag>
<doc>Types the given key combination into element found by ``selector``.</doc>
<status status="NOT RUN" start="2025-11-29T18:29:37.316050" elapsed="0.000035"/>
</kw>
<kw name="Wait For Load State" owner="Browser">
<arg>networkidle</arg>
<tag>PageContent</tag>
<tag>Wait</tag>
<doc>Waits that the page reaches the required load state.</doc>
<status status="NOT RUN" start="2025-11-29T18:29:37.316149" elapsed="0.000031"/>
</kw>
<arg>cartão</arg>
<status status="FAIL" start="2025-11-29T18:29:26.896673" elapsed="10.419575">TimeoutError: locator.waitFor: Timeout 10000ms exceeded.
Call log:
  - waiting for locator('input[type="search"]') to be visible
    24 × locator resolved to hidden &lt;input value="" name="s" type="search" tabindex="-1" id="search-field" class="search-field" placeholder="Search..."/&gt;
</status>
</kw>
<kw name="Get Element Count" owner="Browser">
<var>${count}</var>
<arg>css=article</arg>
<tag>Assertion</tag>
<tag>Getter</tag>
<tag>PageContent</tag>
<doc>Returns the count of elements found with ``selector``.</doc>
<status status="NOT RUN" start="2025-11-29T18:29:37.316401" elapsed="0.000041"/>
</kw>
<kw name="Should Be True" owner="BuiltIn">
<arg>${count} &gt; 0</arg>
<doc>Fails if the given condition is not true.</doc>
<status status="NOT RUN" start="2025-11-29T18:29:37.316563" elapsed="0.000032"/>
</kw>
<kw name="Take Screenshot" owner="Browser">
<tag>PageContent</tag>
<doc>Takes a screenshot of the current window or element and saves it to disk.</doc>
<status status="NOT RUN" start="2025-11-29T18:29:37.316674" elapsed="0.000031"/>
</kw>
<status status="FAIL" start="2025-11-29T18:29:26.883171" elapsed="10.433676">TimeoutError: locator.waitFor: Timeout 10000ms exceeded.
Call log:
  - waiting for locator('input[type="search"]') to be visible
    24 × locator resolved to hidden &lt;input value="" name="s" type="search" tabindex="-1" id="search-field" class="search-field" placeholder="Search..."/&gt;
</status>
</test>
<test id="s1-s1-t2" name="Buscar termo inexistente exibe mensagem" line="23">
<kw name="Search For Term" owner="BlogHomePage">
<kw name="Open Search" owner="BlogHomePage">
<kw name="Click" owner="Browser">
<msg time="2025-11-29T18:29:37.346673" level="INFO">Clicks the element 'css=.ast-header-search'.</msg>
<arg>${SEARCH_ICON}</arg>
<tag>PageContent</tag>
<tag>Setter</tag>
<doc>Simulates mouse click on the element found by ``selector``.</doc>
<status status="PASS" start="2025-11-29T18:29:37.345492" elapsed="0.157373"/>
</kw>
<kw name="Wait For Elements State" owner="Browser">
<msg time="2025-11-29T18:29:37.534806" level="INFO">Waited for Element with selector input[type="search"] at state visible</msg>
<arg>${SEARCH_INPUT}</arg>
<arg>visible</arg>
<tag>PageContent</tag>
<tag>Wait</tag>
<doc>Waits for the element found by ``selector`` to satisfy state option.</doc>
<status status="PASS" start="2025-11-29T18:29:37.503049" elapsed="0.031990"/>
</kw>
<status status="PASS" start="2025-11-29T18:29:37.345011" elapsed="0.190160"/>
</kw>
<kw name="Fill Text" owner="Browser">
<msg time="2025-11-29T18:29:37.536062" level="INFO">Fills the text 'asdasdqweqwe' in the given field.</msg>
<arg>${SEARCH_INPUT}</arg>
<arg>${term}</arg>
<tag>PageContent</tag>
<tag>Setter</tag>
<doc>Clears and fills the given ``txt`` into the text field found by ``selector``.</doc>
<status status="PASS" start="2025-11-29T18:29:37.535320" elapsed="0.023877"/>
</kw>
<kw name="Press Keys" owner="Browser">
<arg>${SEARCH_INPUT}</arg>
<arg>Enter</arg>
<tag>PageContent</tag>
<tag>Setter</tag>
<doc>Types the given key combination into element found by ``selector``.</doc>
<status status="PASS" start="2025-11-29T18:29:37.559394" elapsed="0.189942"/>
</kw>
<kw name="Wait For Load State" owner="Browser">
<msg time="2025-11-29T18:29:37.751527" level="INFO">Waiting page load to state to receive networkidle in 10000.0</msg>
<msg time="2025-11-29T18:29:38.902201" level="INFO">Load state networkidle got in 10000</msg>
<arg>networkidle</arg>
<tag>PageContent</tag>
<tag>Wait</tag>
<doc>Waits that the page reaches the required load state.</doc>
<status status="PASS" start="2025-11-29T18:29:37.749829" elapsed="1.152578"/>
</kw>
<arg>asdasdqweqwe</arg>
<status status="PASS" start="2025-11-29T18:29:37.344280" elapsed="1.558267"/>
</kw>
<kw name="Wait For Elements State" owner="Browser">
<msg time="2025-11-29T18:29:38.928404" level="INFO">Waited for Element with selector xpath=//*[contains(text(),"Lamentamos, mas nada foi encontrado para sua pesquisa, tente novamente com outras palavras.")] at state visible</msg>
<arg>xpath=//*[contains(text(),"Lamentamos, mas nada foi encontrado para sua pesquisa, tente novamente com outras palavras.")]</arg>
<arg>visible</arg>
<tag>PageContent</tag>
<tag>Wait</tag>
<doc>Waits for the element found by ``selector`` to satisfy state option.</doc>
<status status="PASS" start="2025-11-29T18:29:38.902789" elapsed="0.025748"/>
</kw>
<kw name="Take Screenshot" owner="Browser">
<msg time="2025-11-29T18:29:39.008841" level="INFO" html="true">&lt;/td&gt;&lt;/tr&gt;&lt;tr&gt;&lt;td colspan="3"&gt;&lt;a href="browser/screenshot/robotframework-browser-screenshot-1.png" target="_blank"&gt;&lt;img src="browser/screenshot/robotframework-browser-screenshot-1.png" width="800px"/&gt;&lt;/a&gt;</msg>
<tag>PageContent</tag>
<doc>Takes a screenshot of the current window or element and saves it to disk.</doc>
<status status="PASS" start="2025-11-29T18:29:38.928741" elapsed="0.082127"/>
</kw>
<status status="PASS" start="2025-11-29T18:29:37.326751" elapsed="1.684456"/>
</test>
<kw name="Close Browser" owner="Browser" type="TEARDOWN">
<msg time="2025-11-29T18:29:39.181901" level="INFO">Closed browser</msg>
<tag>BrowserControl</tag>
<tag>Setter</tag>
<doc>Closes the current browser.</doc>
<status status="PASS" start="2025-11-29T18:29:39.018507" elapsed="0.163632"/>
</kw>
<status status="FAIL" start="2025-11-29T18:29:23.783479" elapsed="15.398756"/>
</suite>
<status status="FAIL" start="2025-11-29T18:29:23.767158" elapsed="15.423253"/>
</suite>
<statistics>
<total>
<stat pass="1" fail="1" skip="0">All Tests</stat>
</total>
<tag>
</tag>
<suite>
<stat name="Tests" id="s1" pass="1" fail="1" skip="0">Tests</stat>
<stat name="Blog Search" id="s1-s1" pass="1" fail="1" skip="0">Tests.Blog Search</stat>
</suite>
</statistics>
<errors>
</errors>
</robot>
